<?xml version="1.0" encoding="UTF-8"?>
<!-- Generated by org.testng.reporters.JUnitReportReporter -->
<testsuite hostname="Sangee-NEW" failures="0" tests="1" name="TestingNG.listen2" time="0.008" errors="0" timestamp="2022-11-12T07:17:00 IST" skipped="0">
  <testcase classname="TestingNG.listen2" name="tc1" time="0.008"/>
  <system-out/>
</testsuite> <!-- TestingNG.listen2 -->
