<?xml version="1.0" encoding="UTF-8"?>
<!-- Generated by org.testng.reporters.JUnitReportReporter -->
<testsuite hostname="Sangee-NEW" failures="0" tests="7" name="TestingNG.selenium_test_real" time="6.632" errors="0" timestamp="2022-11-10T20:09:34 IST" skipped="0">
  <testcase classname="TestingNG.selenium_test_real" name="visit" time="2.964"/>
  <system-out/>
  <testcase classname="TestingNG.selenium_test_real" name="max" time="0.133"/>
  <system-out/>
  <testcase classname="TestingNG.selenium_test_real" name="refresh" time="0.368"/>
  <system-out/>
  <testcase classname="TestingNG.selenium_test_real" name="refresh" time="0.034"/>
  <system-out/>
  <testcase classname="TestingNG.selenium_test_real" name="refresh" time="0.490"/>
  <system-out/>
  <testcase classname="TestingNG.selenium_test_real" name="get" time="0.316"/>
  <system-out/>
  <testcase classname="TestingNG.selenium_test_real" name="close" time="2.327"/>
  <system-out/>
</testsuite> <!-- TestingNG.selenium_test_real -->
