<?xml version="1.0" encoding="UTF-8"?>
<!-- Generated by org.testng.reporters.JUnitReportReporter -->
<testsuite hostname="Sangee-NEW" failures="0" tests="2" name="TestingNG.before_after" time="2.753" errors="0" timestamp="2022-11-11T20:48:44 IST" skipped="0">
  <testcase classname="TestingNG.before_after" name="Tc1" time="0.386"/>
  <system-out/>
  <testcase classname="TestingNG.before_after" name="Tc2" time="2.367"/>
  <system-out/>
</testsuite> <!-- TestingNG.before_after -->
